  [1m[36m (7.0ms)[0m  [1mCREATE TABLE "schema_migrations" ("version" varchar NOT NULL) [0m
  [1m[35m (0.1ms)[0m  select sqlite_version(*)
  [1m[36m (3.9ms)[0m  [1mCREATE UNIQUE INDEX "unique_schema_migrations" ON "schema_migrations" ("version")[0m
  [1m[35mActiveRecord::SchemaMigration Load (0.1ms)[0m  SELECT "schema_migrations".* FROM "schema_migrations"
Migrating to CreateUsers (20160128105334)
  [1m[36m (0.1ms)[0m  [1mbegin transaction[0m
  [1m[35m (0.3ms)[0m  CREATE TABLE "users" ("id" INTEGER PRIMARY KEY AUTOINCREMENT NOT NULL, "name" varchar, "email" varchar, "created_at" datetime NOT NULL, "updated_at" datetime NOT NULL) 
  [1m[36mSQL (0.1ms)[0m  [1mINSERT INTO "schema_migrations" ("version") VALUES (?)[0m  [["version", "20160128105334"]]
  [1m[35m (3.9ms)[0m  commit transaction
  [1m[36mActiveRecord::SchemaMigration Load (0.1ms)[0m  [1mSELECT "schema_migrations".* FROM "schema_migrations"[0m


Started GET "/" for 127.0.0.1 at 2016-01-28 11:55:46 +0100
  [1m[36mActiveRecord::SchemaMigration Load (0.1ms)[0m  [1mSELECT "schema_migrations".* FROM "schema_migrations"[0m
Processing by ApplicationController#hello as HTML
  Rendered text template (0.0ms)
Completed 200 OK in 14ms (Views: 5.1ms | ActiveRecord: 0.0ms)


Started GET "/users" for 127.0.0.1 at 2016-01-28 12:10:11 +0100
Processing by UsersController#index as HTML
  [1m[35mUser Load (0.1ms)[0m  SELECT "users".* FROM "users"
  Rendered users/index.html.erb within layouts/application (4.0ms)
Completed 200 OK in 1110ms (Views: 1107.1ms | ActiveRecord: 0.3ms)


Started GET "/assets/scaffolds.self-5c363cb8f647a2b66c307780e075755945500f80a28adcdd9aad80e18a2705be.css?body=1" for 127.0.0.1 at 2016-01-28 12:10:12 +0100


Started GET "/assets/users.self-e3b0c44298fc1c149afbf4c8996fb92427ae41e4649b934ca495991b7852b855.css?body=1" for 127.0.0.1 at 2016-01-28 12:10:12 +0100


Started GET "/assets/jquery.self-d03a5518f45df77341bdbe6201ba3bfa547ebba8ed64f0ea56bfa5f96ea7c074.js?body=1" for 127.0.0.1 at 2016-01-28 12:10:12 +0100


Started GET "/assets/application.self-e80e8f2318043e8af94dddc2adad5a4f09739a8ebb323b3ab31cd71d45fd9113.css?body=1" for 127.0.0.1 at 2016-01-28 12:10:12 +0100


Started GET "/assets/jquery_ujs.self-8e98a7a072a6cee1372d19fff9ff3e6aa1e39a37d89d6f06861637d061113ee7.js?body=1" for 127.0.0.1 at 2016-01-28 12:10:12 +0100


Started GET "/assets/users.self-877aef30ae1b040ab8a3aba4e3e309a11d7f2612f44dde450b5c157aa5f95c05.js?body=1" for 127.0.0.1 at 2016-01-28 12:10:12 +0100


Started GET "/assets/turbolinks.self-c846e670826600e8c91b1a5ada3e6547110d996cd6ff24cde55024f7a135a1b4.js?body=1" for 127.0.0.1 at 2016-01-28 12:10:12 +0100


Started GET "/assets/application.self-3b8dabdc891efe46b9a144b400ad69e37d7e5876bdc39dee783419a69d7ca819.js?body=1" for 127.0.0.1 at 2016-01-28 12:10:12 +0100


Started GET "/users/new" for 127.0.0.1 at 2016-01-28 12:10:48 +0100
Processing by UsersController#new as HTML
  Rendered users/_form.html.erb (14.8ms)
  Rendered users/new.html.erb within layouts/application (19.3ms)
Completed 200 OK in 42ms (Views: 35.7ms | ActiveRecord: 0.4ms)


Started POST "/users" for 127.0.0.1 at 2016-01-28 12:11:05 +0100
Processing by UsersController#create as HTML
  Parameters: {"utf8"=>"✓", "authenticity_token"=>"PbnuuPBIKyjkblzBOuQaFGrXpGLjQ1mXzV/zjYcSxBp9/Nn01vNXykYY3pdK7Attl6ijosId1mQRvKjaNgi77w==", "user"=>{"name"=>"Katarzyna Starachowicz", "email"=>"kstarachowicz@gmail.com"}, "commit"=>"Create User"}
  [1m[36m (0.1ms)[0m  [1mbegin transaction[0m
  [1m[35mSQL (0.5ms)[0m  INSERT INTO "users" ("name", "email", "created_at", "updated_at") VALUES (?, ?, ?, ?)  [["name", "Katarzyna Starachowicz"], ["email", "kstarachowicz@gmail.com"], ["created_at", "2016-01-28 11:11:05.434737"], ["updated_at", "2016-01-28 11:11:05.434737"]]
  [1m[36m (15.2ms)[0m  [1mcommit transaction[0m
Redirected to http://localhost:3000/users/1
Completed 302 Found in 20ms (ActiveRecord: 15.7ms)


Started GET "/users/1" for 127.0.0.1 at 2016-01-28 12:11:05 +0100
Processing by UsersController#show as HTML
  Parameters: {"id"=>"1"}
  [1m[35mUser Load (0.2ms)[0m  SELECT  "users".* FROM "users" WHERE "users"."id" = ? LIMIT 1  [["id", 1]]
  Rendered users/show.html.erb within layouts/application (0.6ms)
Completed 200 OK in 21ms (Views: 15.5ms | ActiveRecord: 0.2ms)


Started GET "/users/1/edit" for 127.0.0.1 at 2016-01-28 12:12:44 +0100
Processing by UsersController#edit as HTML
  Parameters: {"id"=>"1"}
  [1m[36mUser Load (0.2ms)[0m  [1mSELECT  "users".* FROM "users" WHERE "users"."id" = ? LIMIT 1[0m  [["id", 1]]
  Rendered users/_form.html.erb (1.3ms)
  Rendered users/edit.html.erb within layouts/application (2.9ms)
Completed 200 OK in 22ms (Views: 20.8ms | ActiveRecord: 0.2ms)


Started PATCH "/users/1" for 127.0.0.1 at 2016-01-28 12:13:02 +0100
Processing by UsersController#update as HTML
  Parameters: {"utf8"=>"✓", "authenticity_token"=>"f0YhsW9ewfi5meJMIL+Lq3uCd2ZZGiVIjtz92FBVh/k/Axb9SeW9GhvvYBpQt5rShv1wpnhEqrtSP6aP4U/4DA==", "user"=>{"name"=>"Katarzyna Starachowicz", "email"=>"kasiek@kluczowoda.pl"}, "commit"=>"Update User", "id"=>"1"}
  [1m[35mUser Load (0.1ms)[0m  SELECT  "users".* FROM "users" WHERE "users"."id" = ? LIMIT 1  [["id", 1]]
  [1m[36m (0.1ms)[0m  [1mbegin transaction[0m
  [1m[35mSQL (0.2ms)[0m  UPDATE "users" SET "email" = ?, "updated_at" = ? WHERE "users"."id" = ?  [["email", "kasiek@kluczowoda.pl"], ["updated_at", "2016-01-28 11:13:02.647026"], ["id", 1]]
  [1m[36m (4.8ms)[0m  [1mcommit transaction[0m
Redirected to http://localhost:3000/users/1
Completed 302 Found in 9ms (ActiveRecord: 5.2ms)


Started GET "/users/1" for 127.0.0.1 at 2016-01-28 12:13:02 +0100
Processing by UsersController#show as HTML
  Parameters: {"id"=>"1"}
  [1m[35mUser Load (0.1ms)[0m  SELECT  "users".* FROM "users" WHERE "users"."id" = ? LIMIT 1  [["id", 1]]
  Rendered users/show.html.erb within layouts/application (0.2ms)
Completed 200 OK in 16ms (Views: 14.6ms | ActiveRecord: 0.1ms)


Started GET "/users/1/edit" for 127.0.0.1 at 2016-01-28 12:13:04 +0100
Processing by UsersController#edit as HTML
  Parameters: {"id"=>"1"}
  [1m[36mUser Load (0.1ms)[0m  [1mSELECT  "users".* FROM "users" WHERE "users"."id" = ? LIMIT 1[0m  [["id", 1]]
  Rendered users/_form.html.erb (1.2ms)
  Rendered users/edit.html.erb within layouts/application (2.4ms)
Completed 200 OK in 18ms (Views: 17.3ms | ActiveRecord: 0.1ms)


Started PATCH "/users/1" for 127.0.0.1 at 2016-01-28 12:13:09 +0100
Processing by UsersController#update as HTML
  Parameters: {"utf8"=>"✓", "authenticity_token"=>"urKUvDSTfDPrXcy+Ak+60upfiJeMs6BUEdJtl8QO2ZX696PwEigA0UkrTuhyR6urFyCPV63tL6fNMTbAdRSmYA==", "user"=>{"name"=>"Katarzyna Starachowicz", "email"=>"kasiek@kluczwoda.pl"}, "commit"=>"Update User", "id"=>"1"}
  [1m[35mUser Load (0.1ms)[0m  SELECT  "users".* FROM "users" WHERE "users"."id" = ? LIMIT 1  [["id", 1]]
  [1m[36m (0.1ms)[0m  [1mbegin transaction[0m
  [1m[35mSQL (0.2ms)[0m  UPDATE "users" SET "email" = ?, "updated_at" = ? WHERE "users"."id" = ?  [["email", "kasiek@kluczwoda.pl"], ["updated_at", "2016-01-28 11:13:09.227708"], ["id", 1]]
  [1m[36m (7.3ms)[0m  [1mcommit transaction[0m
Redirected to http://localhost:3000/users/1
Completed 302 Found in 11ms (ActiveRecord: 7.6ms)


Started GET "/users/1" for 127.0.0.1 at 2016-01-28 12:13:09 +0100
Processing by UsersController#show as HTML
  Parameters: {"id"=>"1"}
  [1m[35mUser Load (0.1ms)[0m  SELECT  "users".* FROM "users" WHERE "users"."id" = ? LIMIT 1  [["id", 1]]
  Rendered users/show.html.erb within layouts/application (0.2ms)
Completed 200 OK in 16ms (Views: 15.3ms | ActiveRecord: 0.1ms)


Started GET "/users" for 127.0.0.1 at 2016-01-28 12:13:32 +0100
Processing by UsersController#index as HTML
  [1m[36mUser Load (0.3ms)[0m  [1mSELECT "users".* FROM "users"[0m
  Rendered users/index.html.erb within layouts/application (2.5ms)
Completed 200 OK in 25ms (Views: 23.7ms | ActiveRecord: 0.3ms)


Started GET "/users/new" for 127.0.0.1 at 2016-01-28 12:13:34 +0100
Processing by UsersController#new as HTML
  Rendered users/_form.html.erb (2.9ms)
  Rendered users/new.html.erb within layouts/application (5.9ms)
Completed 200 OK in 39ms (Views: 38.5ms | ActiveRecord: 0.0ms)


Started POST "/users" for 127.0.0.1 at 2016-01-28 12:13:46 +0100
Processing by UsersController#create as HTML
  Parameters: {"utf8"=>"✓", "authenticity_token"=>"Uy3kz3IgoDho/naGTTx/i6RwEzeMIMzYEyd1LlDnWasTaNODVJvc2sqI9NA9NG7yWQ8U961+QyvPxC554f0mXg==", "user"=>{"name"=>"Foo Bar", "email"=>"foo@bar.com"}, "commit"=>"Create User"}
  [1m[35m (0.1ms)[0m  begin transaction
  [1m[36mSQL (0.2ms)[0m  [1mINSERT INTO "users" ("name", "email", "created_at", "updated_at") VALUES (?, ?, ?, ?)[0m  [["name", "Foo Bar"], ["email", "foo@bar.com"], ["created_at", "2016-01-28 11:13:46.729087"], ["updated_at", "2016-01-28 11:13:46.729087"]]
  [1m[35m (13.6ms)[0m  commit transaction
Redirected to http://localhost:3000/users/2
Completed 302 Found in 16ms (ActiveRecord: 13.8ms)


Started GET "/users/2" for 127.0.0.1 at 2016-01-28 12:13:46 +0100
Processing by UsersController#show as HTML
  Parameters: {"id"=>"2"}
  [1m[36mUser Load (0.1ms)[0m  [1mSELECT  "users".* FROM "users" WHERE "users"."id" = ? LIMIT 1[0m  [["id", 2]]
  Rendered users/show.html.erb within layouts/application (0.2ms)
Completed 200 OK in 16ms (Views: 15.5ms | ActiveRecord: 0.1ms)


Started GET "/users" for 127.0.0.1 at 2016-01-28 12:13:49 +0100
Processing by UsersController#index as HTML
  [1m[35mUser Load (0.3ms)[0m  SELECT "users".* FROM "users"
  Rendered users/index.html.erb within layouts/application (2.0ms)
Completed 200 OK in 23ms (Views: 22.3ms | ActiveRecord: 0.3ms)


Started DELETE "/users/1" for 127.0.0.1 at 2016-01-28 12:17:56 +0100
Processing by UsersController#destroy as HTML
  Parameters: {"authenticity_token"=>"E3tdvdVKvL2ZOQ3QscIlzVVNFVZ3qYyiBmhWKKbQOpNTPmrx8/HAXztPj4bByjS0qDISllb3A1Haiw1/F8pFZg==", "id"=>"1"}
  [1m[36mUser Load (0.1ms)[0m  [1mSELECT  "users".* FROM "users" WHERE "users"."id" = ? LIMIT 1[0m  [["id", 1]]
  [1m[35m (0.1ms)[0m  begin transaction
  [1m[36mSQL (0.3ms)[0m  [1mDELETE FROM "users" WHERE "users"."id" = ?[0m  [["id", 1]]
  [1m[35m (3.8ms)[0m  commit transaction
Redirected to http://localhost:3000/users
Completed 302 Found in 7ms (ActiveRecord: 4.3ms)


Started GET "/users" for 127.0.0.1 at 2016-01-28 12:17:56 +0100
Processing by UsersController#index as HTML
  [1m[36mUser Load (0.1ms)[0m  [1mSELECT "users".* FROM "users"[0m
  Rendered users/index.html.erb within layouts/application (0.8ms)
Completed 200 OK in 16ms (Views: 15.7ms | ActiveRecord: 0.1ms)


Started GET "/" for 127.0.0.1 at 2016-01-28 12:29:59 +0100
Processing by UsersController#index as HTML
  [1m[35mUser Load (0.2ms)[0m  SELECT "users".* FROM "users"
  Rendered users/index.html.erb within layouts/application (3.9ms)
Completed 200 OK in 21ms (Views: 18.5ms | ActiveRecord: 0.5ms)
  [1m[36mActiveRecord::SchemaMigration Load (0.1ms)[0m  [1mSELECT "schema_migrations".* FROM "schema_migrations"[0m
Migrating to CreateMicroposts (20160128115432)
  [1m[35m (0.1ms)[0m  begin transaction
  [1m[36m (0.3ms)[0m  [1mCREATE TABLE "microposts" ("id" INTEGER PRIMARY KEY AUTOINCREMENT NOT NULL, "content" text, "user_id" integer, "created_at" datetime NOT NULL, "updated_at" datetime NOT NULL) [0m
  [1m[35mSQL (0.1ms)[0m  INSERT INTO "schema_migrations" ("version") VALUES (?)  [["version", "20160128115432"]]
  [1m[36m (3.9ms)[0m  [1mcommit transaction[0m
  [1m[35mActiveRecord::SchemaMigration Load (0.1ms)[0m  SELECT "schema_migrations".* FROM "schema_migrations"


Started GET "/microposts/new" for 127.0.0.1 at 2016-01-28 12:56:34 +0100
  [1m[36mActiveRecord::SchemaMigration Load (0.1ms)[0m  [1mSELECT "schema_migrations".* FROM "schema_migrations"[0m
Processing by MicropostsController#new as HTML
  Rendered microposts/_form.html.erb (3.8ms)
  Rendered microposts/new.html.erb within layouts/application (5.2ms)
Completed 200 OK in 118ms (Views: 113.4ms | ActiveRecord: 0.3ms)


Started GET "/assets/microposts.self-e3b0c44298fc1c149afbf4c8996fb92427ae41e4649b934ca495991b7852b855.css?body=1" for 127.0.0.1 at 2016-01-28 12:56:34 +0100


Started GET "/assets/microposts.self-877aef30ae1b040ab8a3aba4e3e309a11d7f2612f44dde450b5c157aa5f95c05.js?body=1" for 127.0.0.1 at 2016-01-28 12:56:34 +0100


Started POST "/microposts" for 127.0.0.1 at 2016-01-28 12:57:22 +0100
Processing by MicropostsController#create as HTML
  Parameters: {"utf8"=>"✓", "authenticity_token"=>"frh7HcEQgNxQxqwFtSU22yVNPfVaOTt3ewfGpmRiIwY+/UxR56v8PvKwLlPFLSei2DI6NXtntISn5J3x1Xhc8w==", "micropost"=>{"content"=>"First micropost", "user_id"=>"1"}, "commit"=>"Create Micropost"}
  [1m[35m (0.1ms)[0m  begin transaction
  [1m[36mSQL (0.3ms)[0m  [1mINSERT INTO "microposts" ("content", "user_id", "created_at", "updated_at") VALUES (?, ?, ?, ?)[0m  [["content", "First micropost"], ["user_id", 1], ["created_at", "2016-01-28 11:57:22.178166"], ["updated_at", "2016-01-28 11:57:22.178166"]]
  [1m[35m (15.5ms)[0m  commit transaction
Redirected to http://localhost:3000/microposts/1
Completed 302 Found in 19ms (ActiveRecord: 15.9ms)


Started GET "/microposts/1" for 127.0.0.1 at 2016-01-28 12:57:22 +0100
Processing by MicropostsController#show as HTML
  Parameters: {"id"=>"1"}
  [1m[36mMicropost Load (0.2ms)[0m  [1mSELECT  "microposts".* FROM "microposts" WHERE "microposts"."id" = ? LIMIT 1[0m  [["id", 1]]
  Rendered microposts/show.html.erb within layouts/application (0.9ms)
Completed 200 OK in 24ms (Views: 22.3ms | ActiveRecord: 0.2ms)


Started GET "/microposts" for 127.0.0.1 at 2016-01-28 12:57:25 +0100
Processing by MicropostsController#index as HTML
  [1m[35mMicropost Load (0.2ms)[0m  SELECT "microposts".* FROM "microposts"
  Rendered microposts/index.html.erb within layouts/application (2.7ms)
Completed 200 OK in 26ms (Views: 24.5ms | ActiveRecord: 0.2ms)


Started GET "/microposts/new" for 127.0.0.1 at 2016-01-28 12:57:27 +0100
Processing by MicropostsController#new as HTML
  Rendered microposts/_form.html.erb (4.9ms)
  Rendered microposts/new.html.erb within layouts/application (8.8ms)
Completed 200 OK in 40ms (Views: 38.8ms | ActiveRecord: 0.0ms)


Started POST "/microposts" for 127.0.0.1 at 2016-01-28 12:57:40 +0100
Processing by MicropostsController#create as HTML
  Parameters: {"utf8"=>"✓", "authenticity_token"=>"O7aWaXUFMlSHSH+TVWbfUGSZixt16w/CX9wm3LsuXUl786ElU75OtiU+/cUlbs4pmeaM21S1gDGDP32LCjQivA==", "micropost"=>{"content"=>"Second micropost", "user_id"=>"1"}, "commit"=>"Create Micropost"}
  [1m[36m (0.1ms)[0m  [1mbegin transaction[0m
  [1m[35mSQL (0.3ms)[0m  INSERT INTO "microposts" ("content", "user_id", "created_at", "updated_at") VALUES (?, ?, ?, ?)  [["content", "Second micropost"], ["user_id", 1], ["created_at", "2016-01-28 11:57:40.472482"], ["updated_at", "2016-01-28 11:57:40.472482"]]
  [1m[36m (17.2ms)[0m  [1mcommit transaction[0m
Redirected to http://localhost:3000/microposts/2
Completed 302 Found in 21ms (ActiveRecord: 17.6ms)


Started GET "/microposts/2" for 127.0.0.1 at 2016-01-28 12:57:40 +0100
Processing by MicropostsController#show as HTML
  Parameters: {"id"=>"2"}
  [1m[35mMicropost Load (0.1ms)[0m  SELECT  "microposts".* FROM "microposts" WHERE "microposts"."id" = ? LIMIT 1  [["id", 2]]
  Rendered microposts/show.html.erb within layouts/application (0.3ms)
Completed 200 OK in 20ms (Views: 19.0ms | ActiveRecord: 0.1ms)


Started GET "/microposts" for 127.0.0.1 at 2016-01-28 12:57:45 +0100
Processing by MicropostsController#index as HTML
  [1m[36mMicropost Load (0.3ms)[0m  [1mSELECT "microposts".* FROM "microposts"[0m
  Rendered microposts/index.html.erb within layouts/application (2.1ms)
Completed 200 OK in 27ms (Views: 26.3ms | ActiveRecord: 0.3ms)
